<?xml version="1.0" encoding="UTF-8"?>
<testng-results ignored="0" total="1" passed="1" failed="0" skipped="0">
  <reporter-output>
  </reporter-output>
  <suite started-at="2025-11-26T12:55:53 IST" name="Suite" finished-at="2025-11-26T12:55:58 IST" duration-ms="4971">
    <groups>
    </groups>
    <test started-at="2025-11-26T12:55:53 IST" name="Test" finished-at="2025-11-26T12:55:58 IST" duration-ms="4971">
      <class name="com.comcast.crm.logintest.module1_loginTest">
        <test-method is-config="true" signature="launchingBrowser()[pri:0, instance:com.comcast.crm.logintest.module1_loginTest@77c2494c]" started-at="2025-11-26T12:55:53 IST" name="launchingBrowser" finished-at="2025-11-26T12:55:57 IST" duration-ms="3271" status="PASS">
          <reporter-output>
          </reporter-output>
        </test-method> <!-- launchingBrowser -->
        <test-method is-config="true" signature="login()[pri:0, instance:com.comcast.crm.logintest.module1_loginTest@77c2494c]" started-at="2025-11-26T12:55:57 IST" name="login" finished-at="2025-11-26T12:55:57 IST" duration-ms="546" status="PASS">
          <reporter-output>
          </reporter-output>
        </test-method> <!-- login -->
        <test-method signature="loginValidation()[pri:0, instance:com.comcast.crm.logintest.module1_loginTest@77c2494c]" started-at="2025-11-26T12:55:57 IST" name="loginValidation" finished-at="2025-11-26T12:55:57 IST" duration-ms="31" status="PASS">
          <reporter-output>
          </reporter-output>
        </test-method> <!-- loginValidation -->
        <test-method is-config="true" signature="logout()[pri:0, instance:com.comcast.crm.logintest.module1_loginTest@77c2494c]" started-at="2025-11-26T12:55:57 IST" name="logout" finished-at="2025-11-26T12:55:58 IST" duration-ms="408" status="PASS">
          <reporter-output>
          </reporter-output>
        </test-method> <!-- logout -->
        <test-method is-config="true" signature="tearDown()[pri:0, instance:com.comcast.crm.logintest.module1_loginTest@77c2494c]" started-at="2025-11-26T12:55:58 IST" name="tearDown" finished-at="2025-11-26T12:55:58 IST" duration-ms="307" status="PASS">
          <reporter-output>
          </reporter-output>
        </test-method> <!-- tearDown -->
      </class> <!-- com.comcast.crm.logintest.module1_loginTest -->
    </test> <!-- Test -->
  </suite> <!-- Suite -->
</testng-results>
